import { createEvent as __stencil_createEvent } from "@stencil/core";
import { getConnect as __stencil_getConnect } from "@stencil/core";
import { getContext as __stencil_getContext } from "@stencil/core";
import { getElement as __stencil_getElement } from "@stencil/core";
import { Host as __stencil_Host } from "@stencil/core";
import { h as __stencil_h } from "@stencil/core";
import { registerInstance as __stencil_registerInstance } from "@stencil/core";
import ActiveRouter from '../../global/active-router';
/**
  * Updates the document title when found.
  *
  * @name RouteTitle
  * @description
 */
export class RouteTitle {
    constructor(hostRef) {
        __stencil_registerInstance(this, hostRef);
        this.titleSuffix = '';
        this.pageTitle = '';
    }
    updateDocumentTitle() {
        const el = this.el;
        if (el.ownerDocument) {
            el.ownerDocument.title = `${this.pageTitle}${this.titleSuffix || ''}`;
        }
    }
    componentWillLoad() {
        this.updateDocumentTitle();
    }
    get el() { return __stencil_getElement(this); }
    static get watchers() { return {
        "pageTitle": ["updateDocumentTitle"]
    }; }
}
ActiveRouter.injectProps(RouteTitle, [
    'titleSuffix',
]);
