import { createEvent as __stencil_createEvent } from "@stencil/core";
import { getConnect as __stencil_getConnect } from "@stencil/core";
import { getContext as __stencil_getContext } from "@stencil/core";
import { getElement as __stencil_getElement } from "@stencil/core";
import { Host as __stencil_Host } from "@stencil/core";
import { h as __stencil_h } from "@stencil/core";
import { registerInstance as __stencil_registerInstance } from "@stencil/core";
import { h } from '@stencil/core';
import ActiveRouter from '../../global/active-router';
import { matchPath } from '../../utils/match-path';
const getUniqueId = () => {
    return ((Math.random() * 10e16).toString().match(/.{4}/g) || []).join('-');
};
const getMatch = (pathname, url, exact) => {
    return matchPath(pathname, {
        path: url,
        exact: exact,
        strict: true
    });
};
const isHTMLStencilRouteElement = (elm) => {
    return elm.tagName === 'STENCIL-ROUTE';
};
export class RouteSwitch {
    constructor(hostRef) {
        __stencil_registerInstance(this, hostRef);
        this.group = getUniqueId();
        this.subscribers = [];
        this.queue = __stencil_getContext(this, "queue");
    }
    componentWillLoad() {
        if (this.location != null) {
            this.regenerateSubscribers(this.location);
        }
    }
    async regenerateSubscribers(newLocation) {
        if (newLocation == null) {
            return;
        }
        let newActiveIndex = -1;
        this.subscribers = Array.prototype.slice.call(this.el.children)
            .filter(isHTMLStencilRouteElement)
            .map((childElement, index) => {
            const match = getMatch(newLocation.pathname, childElement.url, childElement.exact);
            if (match && newActiveIndex === -1) {
                newActiveIndex = index;
            }
            return {
                el: childElement,
                match: match
            };
        });
        if (newActiveIndex === -1) {
            return;
        }
        // Check if this actually changes which child is active
        // then just pass the new match down if the active route isn't changing.
        if (this.activeIndex === newActiveIndex) {
            this.subscribers[newActiveIndex].el.match = this.subscribers[newActiveIndex].match;
            return;
        }
        this.activeIndex = newActiveIndex;
        // Set all props on the new active route then wait until it says that it
        // is completed
        const activeChild = this.subscribers[this.activeIndex];
        if (this.scrollTopOffset) {
            activeChild.el.scrollTopOffset = this.scrollTopOffset;
        }
        activeChild.el.group = this.group;
        activeChild.el.match = activeChild.match;
        activeChild.el.componentUpdated = (routeViewUpdatedOptions) => {
            // After the new active route has completed then update visibility of routes
            this.queue.write(() => {
                this.subscribers.forEach((child, index) => {
                    child.el.componentUpdated = undefined;
                    if (index === this.activeIndex) {
                        return child.el.style.display = '';
                    }
                    if (this.scrollTopOffset) {
                        child.el.scrollTopOffset = this.scrollTopOffset;
                    }
                    child.el.group = this.group;
                    child.el.match = null;
                    child.el.style.display = 'none';
                });
            });
            if (this.routeViewsUpdated) {
                this.routeViewsUpdated(Object.assign({ scrollTopOffset: this.scrollTopOffset }, routeViewUpdatedOptions));
            }
        };
    }
    render() {
        return (h("slot", null));
    }
    get el() { return __stencil_getElement(this); }
    static get watchers() { return {
        "location": ["regenerateSubscribers"]
    }; }
}
ActiveRouter.injectProps(RouteSwitch, [
    'location',
    'routeViewsUpdated'
]);
