import { createEvent as __stencil_createEvent } from "@stencil/core";
import { getConnect as __stencil_getConnect } from "@stencil/core";
import { getContext as __stencil_getContext } from "@stencil/core";
import { getElement as __stencil_getElement } from "@stencil/core";
import { Host as __stencil_Host } from "@stencil/core";
import { h as __stencil_h } from "@stencil/core";
import { registerInstance as __stencil_registerInstance } from "@stencil/core";
import ActiveRouter from '../../global/active-router';
export class StencilRouterPrompt {
    constructor(hostRef) {
        __stencil_registerInstance(this, hostRef);
        this.when = true;
        this.message = '';
    }
    enable(message) {
        if (this.unblock) {
            this.unblock();
        }
        if (this.history) {
            this.unblock = this.history.block(message);
        }
    }
    disable() {
        if (this.unblock) {
            this.unblock();
            this.unblock = undefined;
        }
    }
    componentWillLoad() {
        if (this.when) {
            this.enable(this.message);
        }
    }
    updateMessage(newMessage, prevMessage) {
        if (this.when) {
            if (!this.when || prevMessage !== newMessage) {
                this.enable(this.message);
            }
        }
        else {
            this.disable();
        }
    }
    componentDidUnload() {
        this.disable();
    }
    render() {
        return null;
    }
    get el() { return __stencil_getElement(this); }
    static get watchers() { return {
        "message": ["updateMessage"],
        "when": ["updateMessage"]
    }; }
}
ActiveRouter.injectProps(StencilRouterPrompt, [
    'history',
]);
