import { createEvent as __stencil_createEvent } from "@stencil/core";
import { getConnect as __stencil_getConnect } from "@stencil/core";
import { getContext as __stencil_getContext } from "@stencil/core";
import { getElement as __stencil_getElement } from "@stencil/core";
import { Host as __stencil_Host } from "@stencil/core";
import { h as __stencil_h } from "@stencil/core";
import { registerInstance as __stencil_registerInstance } from "@stencil/core";
import { h } from '@stencil/core';
import { matchPath } from '../../utils/match-path';
import { isModifiedEvent } from '../../utils/dom-utils';
import ActiveRouter from '../../global/active-router';
const getUrl = (url, root) => {
    // Don't allow double slashes
    if (url.charAt(0) == '/' && root.charAt(root.length - 1) == '/') {
        return root.slice(0, root.length - 1) + url;
    }
    return root + url;
};
/**
  * @name Route
  * @module ionic
  * @description
 */
export class RouteLink {
    constructor(hostRef) {
        __stencil_registerInstance(this, hostRef);
        this.unsubscribe = () => { return; };
        this.activeClass = 'link-active';
        this.exact = false;
        this.strict = true;
        /**
          *  Custom tag to use instead of an anchor
          */
        this.custom = 'a';
        this.match = null;
    }
    componentWillLoad() {
        this.computeMatch();
    }
    // Identify if the current route is a match.
    computeMatch() {
        if (this.location) {
            this.match = matchPath(this.location.pathname, {
                path: this.urlMatch || this.url,
                exact: this.exact,
                strict: this.strict
            });
        }
    }
    handleClick(e) {
        if (isModifiedEvent(e) || !this.history || !this.url || !this.root) {
            return;
        }
        e.preventDefault();
        return this.history.push(getUrl(this.url, this.root));
    }
    // Get the URL for this route link without the root from the router
    render() {
        let anchorAttributes = {
            class: {
                [this.activeClass]: this.match !== null,
            },
            onClick: this.handleClick.bind(this)
        };
        if (this.anchorClass) {
            anchorAttributes.class[this.anchorClass] = true;
        }
        if (this.custom === 'a') {
            anchorAttributes = Object.assign({}, anchorAttributes, { href: this.url, title: this.anchorTitle, role: this.anchorRole, tabindex: this.anchorTabIndex, 'aria-haspopup': this.ariaHaspopup, id: this.anchorId, 'aria-posinset': this.ariaPosinset, 'aria-setsize': this.ariaSetsize, 'aria-label': this.ariaLabel });
        }
        return (h(this.custom, Object.assign({}, anchorAttributes), h("slot", null)));
    }
    get el() { return __stencil_getElement(this); }
    static get watchers() { return {
        "location": ["computeMatch"]
    }; }
}
ActiveRouter.injectProps(RouteLink, [
    'history',
    'location',
    'root'
]);
