app-root {
  display: grid;
  grid-template-columns: 200px auto;
  grid-template-rows: 50px auto;
  height: 100%;
}

app-root header {
  grid-column: span 2;
  background: orange;
}

app-root header h1{
  margin: 0;
}

app-root aside {
  background: blue;
  -ms-flex-align: center;
  align-items: center;
  display: -ms-flexbox;
  display: flex;
  -ms-flex-direction: column;
  flex-direction: column;
}

app-root header h1{
  grid-column-start: 1;
  grid-column-end: 3;
}

app-root header h4{
  -ms-flex-item-align: center;
  align-self: center;
}

app-root header button{
  -ms-flex-item-align: center;
  align-self: center;
}

app-root main {
  width: 100%;
  display: grid;
  grid-template-columns: repeat(6, 1fr);
}