System.register(['./p-ad6259f2.system.js'], function (exports) {
    'use strict';
    var registerInstance, getElement;
    return {
        setters: [function (module) {
                registerInstance = module.r;
                getElement = module.c;
            }],
        execute: function () {
            var ContextConsumer = /** @class */ (function () {
                function ContextConsumer(hostRef) {
                    registerInstance(this, hostRef);
                    this.context = {};
                    this.renderer = function () { return null; };
                }
                ContextConsumer.prototype.connectedCallback = function () {
                    if (this.subscribe != null) {
                        this.unsubscribe = this.subscribe(this.el, 'context');
                    }
                };
                ContextConsumer.prototype.disconnectedCallback = function () {
                    if (this.unsubscribe != null) {
                        this.unsubscribe();
                    }
                };
                ContextConsumer.prototype.render = function () {
                    return this.renderer(Object.assign({}, this.context));
                };
                Object.defineProperty(ContextConsumer.prototype, "el", {
                    get: function () { return getElement(this); },
                    enumerable: true,
                    configurable: true
                });
                return ContextConsumer;
            }());
            exports('context_consumer', ContextConsumer);
        }
    };
});
